<?xml version="1.0" encoding="UTF-8"?>
<!-- Generated by org.testng.reporters.JUnitReportReporter -->
<testsuite hostname="DESKTOP-92GA5HL" failures="0" tests="1" name="runner.Runner" time="25.798" errors="0" timestamp="2024-11-30T17:07:11 IST" skipped="0">
  <testcase classname="runner.Runner" name="runScenario" time="25.798"/>
</testsuite> <!-- runner.Runner -->
